0 info it worked if it ends with ok
1 verbose cli [ '/usr/local/Cellar/node/7.2.1/bin/node',
1 verbose cli   '/Users/pklein/.npm-packages/bin/npm',
1 verbose cli   'start' ]
2 info using npm@3.8.6
3 info using node@v7.2.1
4 verbose run-script [ 'prestart', 'start', 'poststart' ]
5 info lifecycle convoy@0.0.0~prestart: convoy@0.0.0
6 silly lifecycle convoy@0.0.0~prestart: no script for prestart, continuing
7 info lifecycle convoy@0.0.0~start: convoy@0.0.0
8 verbose lifecycle convoy@0.0.0~start: unsafe-perm in lifecycle true
9 verbose lifecycle convoy@0.0.0~start: PATH: /Users/pklein/.npm-packages/lib/node_modules/npm/bin/node-gyp-bin:/Users/pklein/code/convoy/node_modules/.bin:/usr/local/Cellar/node/7.2.1/bin:/Users/pklein/.npm-packages/bin:/Users/pklein/local/bin:/usr/local/bin:/usr/local/bin:/usr/bin:/bin:/usr/sbin:/sbin:/Library/TeX/texbin:/Users/pklein/Library/Android/sdk/platform-tools:/Users/pklein/Library/Android/sdk/tools
10 verbose lifecycle convoy@0.0.0~start: CWD: /Users/pklein/code/convoy
11 silly lifecycle convoy@0.0.0~start: Args: [ '-c', 'node ./bin/www' ]
12 silly lifecycle convoy@0.0.0~start: Returned: code: 1  signal: null
13 info lifecycle convoy@0.0.0~start: Failed to exec start script
14 verbose stack Error: convoy@0.0.0 start: `node ./bin/www`
14 verbose stack Exit status 1
14 verbose stack     at EventEmitter.<anonymous> (/Users/pklein/.npm-packages/lib/node_modules/npm/lib/utils/lifecycle.js:239:16)
14 verbose stack     at emitTwo (events.js:106:13)
14 verbose stack     at EventEmitter.emit (events.js:191:7)
14 verbose stack     at ChildProcess.<anonymous> (/Users/pklein/.npm-packages/lib/node_modules/npm/lib/utils/spawn.js:24:14)
14 verbose stack     at emitTwo (events.js:106:13)
14 verbose stack     at ChildProcess.emit (events.js:191:7)
14 verbose stack     at maybeClose (internal/child_process.js:885:16)
14 verbose stack     at Process.ChildProcess._handle.onexit (internal/child_process.js:226:5)
15 verbose pkgid convoy@0.0.0
16 verbose cwd /Users/pklein/code/convoy
17 error Darwin 16.3.0
18 error argv "/usr/local/Cellar/node/7.2.1/bin/node" "/Users/pklein/.npm-packages/bin/npm" "start"
19 error node v7.2.1
20 error npm  v3.8.6
21 error code ELIFECYCLE
22 error convoy@0.0.0 start: `node ./bin/www`
22 error Exit status 1
23 error Failed at the convoy@0.0.0 start script 'node ./bin/www'.
23 error Make sure you have the latest version of node.js and npm installed.
23 error If you do, this is most likely a problem with the convoy package,
23 error not with npm itself.
23 error Tell the author that this fails on your system:
23 error     node ./bin/www
23 error You can get information on how to open an issue for this project with:
23 error     npm bugs convoy
23 error Or if that isn't available, you can get their info via:
23 error     npm owner ls convoy
23 error There is likely additional logging output above.
24 verbose exit [ 1, true ]
